2024-06-22 19:02:47 Loading main app package /usr/lib/obsidian/obsidian.asar
2024-06-22 19:02:48 Checking for update using Github
2024-06-22 19:02:49 Success.
2024-06-22 19:02:49 Latest version is 1.6.3
2024-06-22 19:02:49 App is up to date.
2024-06-22 19:38:41 Loading main app package /usr/lib/obsidian/obsidian.asar
2024-06-22 19:38:41 Checking for update using Github
2024-06-22 20:02:47 Checking for update using Github
2024-06-22 20:02:47 Success.
2024-06-22 20:02:47 Latest version is 1.6.3
2024-06-22 20:02:47 App is up to date.
2024-06-24 13:49:14 Loading main app package /usr/lib/obsidian/obsidian.asar
2024-06-24 13:49:15 Checking for update using Github
2024-06-24 13:49:15 Success.
2024-06-24 13:49:15 Latest version is 1.6.3
2024-06-24 13:49:15 App is up to date.
2024-06-24 13:51:50 Loading main app package /usr/lib/obsidian/obsidian.asar
2024-06-24 13:51:50 Checking for update using Github
2024-06-24 13:51:50 Success.
2024-06-24 13:51:50 Latest version is 1.6.3
2024-06-24 13:51:50 App is up to date.
2024-06-24 14:05:58 Loading main app package /usr/lib/obsidian/obsidian.asar
2024-06-24 14:05:58 Checking for update using Github
2024-06-24 14:05:59 Success.
2024-06-24 14:05:59 Latest version is 1.6.3
2024-06-24 14:05:59 App is up to date.
2024-06-26 14:32:39 Loading main app package /usr/lib/obsidian/obsidian.asar
2024-06-26 14:32:41 Checking for update using Github
2024-06-26 14:32:41 Success.
2024-06-26 14:32:41 Latest version is 1.6.5
2024-06-26 14:32:41 App is up to date.
2024-06-26 19:01:27 Loading main app package /usr/lib/obsidian/obsidian.asar
2024-06-26 19:01:29 Checking for update using Github
2024-06-26 19:01:29 Success.
2024-06-26 19:01:29 Latest version is 1.6.5
2024-06-26 19:01:29 App is up to date.
2024-06-26 19:01:33 Loading main app package /usr/lib/obsidian/obsidian.asar
2024-06-26 19:01:34 Checking for update using Github
2024-06-26 19:55:59 Loading main app package /usr/lib/obsidian/obsidian.asar
2024-06-26 19:55:59 Checking for update using Github
2024-06-26 19:56:00 Success.
2024-06-26 19:56:00 Latest version is 1.6.5
2024-06-26 19:56:00 App is up to date.
2024-06-26 20:55:59 Checking for update using Github
2024-06-26 20:55:59 Success.
2024-06-26 20:55:59 Latest version is 1.6.5
2024-06-26 20:55:59 App is up to date.
